<?xml version="1.0" encoding="utf-8"?><testsuites name="pytest tests"><testsuite name="pytest" errors="0" failures="0" skipped="0" tests="7" time="1.582" timestamp="2026-04-11T22:32:43.201461+00:00" hostname="agent-env-0e3f0cc5-4be4-452e-9c0d-542cb12e4bfa"><testcase classname="backend.tests.test_territory_atlas_api.TestHealthAndRoot" name="test_root_endpoint" time="0.218" /><testcase classname="backend.tests.test_territory_atlas_api.TestCityDataAPI" name="test_get_city_data" time="0.140" /><testcase classname="backend.tests.test_territory_atlas_api.TestCountyDataAPI" name="test_get_county_data" time="0.164" /><testcase classname="backend.tests.test_territory_atlas_api.TestWheatDataAPI" name="test_get_wheat_data" time="0.132" /><testcase classname="backend.tests.test_territory_atlas_api.TestAnalyticsAPI" name="test_get_top_zones_no_filter" time="0.121" /><testcase classname="backend.tests.test_territory_atlas_api.TestAnalyticsAPI" name="test_get_top_zones_with_layer_filter" time="0.220" /><testcase classname="backend.tests.test_territory_atlas_api.TestDataIntegrity" name="test_all_datasets_have_records" time="0.405" /></testsuite></testsuites>