<?xml version="1.0" encoding="utf-8"?><testsuites name="pytest tests"><testsuite name="pytest" errors="0" failures="0" skipped="0" tests="13" time="2.429" timestamp="2026-04-11T23:26:53.367471+00:00" hostname="agent-env-0e3f0cc5-4be4-452e-9c0d-542cb12e4bfa"><testcase classname="backend.tests.test_territory_atlas_api.TestHealthAndRoot" name="test_root_endpoint" time="0.238" /><testcase classname="backend.tests.test_territory_atlas_api.TestPointDataAPI" name="test_get_point_data" time="0.151" /><testcase classname="backend.tests.test_territory_atlas_api.TestPointDataAPI" name="test_get_city_data_legacy" time="0.166" /><testcase classname="backend.tests.test_territory_atlas_api.TestDensityDataAPI" name="test_get_density_data" time="0.192" /><testcase classname="backend.tests.test_territory_atlas_api.TestDensityDataAPI" name="test_get_county_data_legacy" time="0.192" /><testcase classname="backend.tests.test_territory_atlas_api.TestDensityDataAPI" name="test_get_wheat_data_legacy" time="0.263" /><testcase classname="backend.tests.test_territory_atlas_api.TestAnalyticsAPI" name="test_get_top_zones_no_filter" time="0.116" /><testcase classname="backend.tests.test_territory_atlas_api.TestAnalyticsAPI" name="test_get_top_zones_with_layer_filter" time="0.152" /><testcase classname="backend.tests.test_territory_atlas_api.TestAnalyticsAPI" name="test_get_top_zones_with_density_filter" time="0.111" /><testcase classname="backend.tests.test_territory_atlas_api.TestDataIntegrity" name="test_all_datasets_have_records" time="0.378" /><testcase classname="backend.tests.test_territory_atlas_api.TestDataIntegrity" name="test_density_data_has_merged_layers" time="0.164" /><testcase classname="backend.tests.test_territory_atlas_api.TestUploadEndpoints" name="test_point_upload_endpoint_exists" time="0.109" /><testcase classname="backend.tests.test_territory_atlas_api.TestUploadEndpoints" name="test_density_upload_endpoint_exists" time="0.098" /></testsuite></testsuites>